d:\visual studio\csc8503 framework\nclgl\release\vc120.pdb
d:\visual studio\csc8503 framework\nclgl\release\window.obj
d:\visual studio\csc8503 framework\nclgl\release\shader.obj
d:\visual studio\csc8503 framework\nclgl\release\scenenode.obj
d:\visual studio\csc8503 framework\nclgl\release\quaternion.obj
d:\visual studio\csc8503 framework\nclgl\release\plane.obj
d:\visual studio\csc8503 framework\nclgl\release\oglrenderer.obj
d:\visual studio\csc8503 framework\nclgl\release\objmesh.obj
d:\visual studio\csc8503 framework\nclgl\release\mouse.obj
d:\visual studio\csc8503 framework\nclgl\release\mesh.obj
d:\visual studio\csc8503 framework\nclgl\release\md5node.obj
d:\visual studio\csc8503 framework\nclgl\release\md5mesh.obj
d:\visual studio\csc8503 framework\nclgl\release\md5filedata.obj
d:\visual studio\csc8503 framework\nclgl\release\md5anim.obj
d:\visual studio\csc8503 framework\nclgl\release\matrix4.obj
d:\visual studio\csc8503 framework\nclgl\release\matrix3.obj
d:\visual studio\csc8503 framework\nclgl\release\keyboard.obj
d:\visual studio\csc8503 framework\nclgl\release\gametimer.obj
d:\visual studio\csc8503 framework\nclgl\release\frustum.obj
d:\visual studio\csc8503 framework\nclgl\release\cuberobot.obj
d:\visual studio\csc8503 framework\nclgl\release\camera.obj
d:\visual studio\csc8503 framework\game technologies\release\nclgl.lib
d:\visual studio\csc8503 framework\nclgl\release\nclgl.tlog\cl.command.1.tlog
d:\visual studio\csc8503 framework\nclgl\release\nclgl.tlog\cl.read.1.tlog
d:\visual studio\csc8503 framework\nclgl\release\nclgl.tlog\cl.write.1.tlog
d:\visual studio\csc8503 framework\nclgl\release\nclgl.tlog\lib-link.read.1.tlog
d:\visual studio\csc8503 framework\nclgl\release\nclgl.tlog\lib-link.write.1.tlog
d:\visual studio\csc8503 framework\nclgl\release\nclgl.tlog\lib.command.1.tlog
